<?xml version="1.0" encoding="UTF-8"?>
<!-- Generated by org.testng.reporters.JUnitXMLReporter -->
<testsuite ignored="3" hostname="DESKTOP-UHDKNQF" failures="0" tests="2" name="Test" time="33.318" errors="0" timestamp="2026-01-10T11:46:50 IST">
  <testcase classname="testScript.LoginTest" name="verifyUserLoginWithValidCredentials" time="4.424"/>
  <testcase classname="testScript.ContactUsTest" name="verifyContactUs" time="5.091"/>
  <testcase classname="testScript.LoginTest" name="verifyUserLoginWithIncorrectUnameAndCorrectPassword" time="0.0">
    <ignored/>
  </testcase> <!-- verifyUserLoginWithIncorrectUnameAndCorrectPassword -->
  <testcase classname="testScript.LoginTest" name="verifyUserLoginWithCorrectUnameAndIncorrectPassword" time="0.0">
    <ignored/>
  </testcase> <!-- verifyUserLoginWithCorrectUnameAndIncorrectPassword -->
  <testcase classname="testScript.LoginTest" name="verifyUserLoginWithIncorrectUnameAndIncorrectPassword" time="0.0">
    <ignored/>
  </testcase> <!-- verifyUserLoginWithIncorrectUnameAndIncorrectPassword -->
</testsuite> <!-- Test -->
