<?xml version="1.0" encoding="UTF-8"?>
<testng-results ignored="0" total="1" passed="1" failed="0" skipped="0">
  <reporter-output>
  </reporter-output>
  <suite started-at="2026-01-14T13:46:31 IST" name="Suite" finished-at="2026-01-14T13:46:45 IST" duration-ms="14866">
    <groups>
    </groups>
    <test started-at="2026-01-14T13:46:31 IST" name="Test" finished-at="2026-01-14T13:46:45 IST" duration-ms="14866">
      <class name="testScript.AdminUsersTest">
        <test-method is-config="true" signature="browserInitialization(java.lang.String)[pri:0, instance:testScript.AdminUsersTest@1b1cfb87]" started-at="2026-01-14T13:46:31 IST" name="browserInitialization" finished-at="2026-01-14T13:46:33 IST" duration-ms="2593" status="PASS">
          <params>
            <param index="0">
              <value>
                <![CDATA[chrome]]>
              </value>
            </param>
          </params>
          <reporter-output>
          </reporter-output>
        </test-method> <!-- browserInitialization -->
        <test-method signature="verifyAdminUsers()[pri:0, instance:testScript.AdminUsersTest@1b1cfb87]" started-at="2026-01-14T13:46:33 IST" name="verifyAdminUsers" description="Test case to verify that the appropriate alert is displayed correctly when a new user is created or when the user already exists" finished-at="2026-01-14T13:46:45 IST" duration-ms="11915" status="PASS">
          <reporter-output>
          </reporter-output>
        </test-method> <!-- verifyAdminUsers -->
        <test-method is-config="true" signature="browserQuit(org.testng.ITestResult)[pri:0, instance:testScript.AdminUsersTest@1b1cfb87]" started-at="2026-01-14T13:46:45 IST" name="browserQuit" finished-at="2026-01-14T13:46:45 IST" duration-ms="297" status="PASS">
          <params>
            <param index="0">
              <value>
                <![CDATA[[TestResult name=verifyAdminUsers status=SUCCESS method=AdminUsersTest.verifyAdminUsers()[pri:0, instance:testScript.AdminUsersTest@1b1cfb87] output={null}]]]>
              </value>
            </param>
          </params>
          <reporter-output>
          </reporter-output>
        </test-method> <!-- browserQuit -->
      </class> <!-- testScript.AdminUsersTest -->
    </test> <!-- Test -->
  </suite> <!-- Suite -->
</testng-results>
